<?xml version="1.0" encoding="UTF-8"?>
<testng-results ignored="0" total="1" passed="1" failed="0" skipped="0">
  <reporter-output>
  </reporter-output>
  <suite started-at="2024-02-12T15:23:27 IST" name="Default suite" finished-at="2024-02-12T15:23:40 IST" duration-ms="13001">
    <groups>
    </groups>
    <test started-at="2024-02-12T15:23:27 IST" name="Default test" finished-at="2024-02-12T15:23:40 IST" duration-ms="13001">
      <class name="TestScript.sample8Test">
        <test-method signature="testCase()[pri:0, instance:TestScript.sample8Test@2667f029]" started-at="2024-02-12T15:23:27 IST" name="testCase" finished-at="2024-02-12T15:23:40 IST" duration-ms="12948" status="PASS">
          <reporter-output>
          </reporter-output>
        </test-method> <!-- testCase -->
      </class> <!-- TestScript.sample8Test -->
    </test> <!-- Default test -->
  </suite> <!-- Default suite -->
</testng-results>
